2024-06-19 11:13:04 [EROR] [/Users/dg2023/Desktop/demo-gogo/httpserver/app/response.go:40] Request [GET] [/api/map/map_route_nodes] Error.HttpCode[200] BusinessCode[5001] Message[请求URL不存在] ErrDetail[<nil>]
2024-06-19 11:13:16 [EROR] [/Users/dg2023/Desktop/demo-gogo/database/common.go:126] [map]ListEntityByFilter Error.filter[map[string]interface {}{"map_id":0xa}] params[model.QueryParams{SubQueries:[]*model.SubQuery(nil), Orders:[]model.Order(nil), Limit:(*int)(0x53e3c28), Offset:(*int)(0x5495898), InQueries:[]*model.InQuery(nil), RangeQueries:[]*model.RangeQuery(nil), CompareQueries:[]*model.CompareQuery(nil), NotInQueries:[]map[string]interface {}(nil), GroupFields:[]string(nil), DistinctQueries:[]string(nil)}] err[&pgconn.PgError{Severity:"ERROR", Code:"42703", Message:"column \"map_id\" does not exist", Detail:"", Hint:"Perhaps you meant to reference the column \"map.map_url\".", Position:27, InternalPosition:0, InternalQuery:"", Where:"", SchemaName:"", TableName:"", ColumnName:"", DataTypeName:"", ConstraintName:"", File:"parse_relation.c", Line:3729, Routine:"errorMissingColumn"}]
2024-06-19 11:13:16 [EROR] [/Users/dg2023/Desktop/demo-gogo/httpserver/app/response.go:40] Request [POST] [/api/map/map_route_nodes] Error.HttpCode[200] BusinessCode[5009] Message[修改/创建数据失败] ErrDetail[ERROR: column "map_id" does not exist (SQLSTATE 42703)]
2024-06-19 11:14:50 [EROR] [/Users/dg2023/Desktop/demo-gogo/database/common.go:126] [map]ListEntityByFilter Error.filter[map[string]interface {}{"map_id":0x1}] params[model.QueryParams{SubQueries:[]*model.SubQuery(nil), Orders:[]model.Order(nil), Limit:(*int)(0x53e3c28), Offset:(*int)(0x5495898), InQueries:[]*model.InQuery(nil), RangeQueries:[]*model.RangeQuery(nil), CompareQueries:[]*model.CompareQuery(nil), NotInQueries:[]map[string]interface {}(nil), GroupFields:[]string(nil), DistinctQueries:[]string(nil)}] err[&pgconn.PgError{Severity:"ERROR", Code:"42703", Message:"column \"map_id\" does not exist", Detail:"", Hint:"Perhaps you meant to reference the column \"map.map_url\".", Position:27, InternalPosition:0, InternalQuery:"", Where:"", SchemaName:"", TableName:"", ColumnName:"", DataTypeName:"", ConstraintName:"", File:"parse_relation.c", Line:3729, Routine:"errorMissingColumn"}]
2024-06-19 11:14:50 [EROR] [/Users/dg2023/Desktop/demo-gogo/httpserver/app/response.go:40] Request [POST] [/api/map/map_route_nodes] Error.HttpCode[200] BusinessCode[5009] Message[修改/创建数据失败] ErrDetail[ERROR: column "map_id" does not exist (SQLSTATE 42703)]
2024-06-19 11:17:49 [EROR] [/Users/dg2023/Desktop/demo-gogo/httpserver/app/response.go:40] Request [POST] [/api/map/map_route_nodes] Error.HttpCode[200] BusinessCode[6000] Message[地图路径节点已经存在] ErrDetail[地图路径节点已经存在]
2024-06-19 11:24:48 [EROR] [/Users/dg2023/Desktop/demo-gogo/database/common.go:85] [map]GetEntityByID Error.id[10] err[&errors.errorString{s:"record not found"}]
2024-06-19 11:24:48 [EROR] [/Users/dg2023/Desktop/demo-gogo/httpserver/app/response.go:40] Request [POST] [/api/map/map_route_nodes] Error.HttpCode[200] BusinessCode[6001] Message[待修改地图路径节点不存在] ErrDetail[待修改地图路径节点不存在]
2024-06-19 11:25:25 [EROR] [/Users/dg2023/Desktop/demo-gogo/database/common.go:85] [map]GetEntityByID Error.id[10] err[&errors.errorString{s:"record not found"}]
2024-06-19 11:25:25 [EROR] [/Users/dg2023/Desktop/demo-gogo/httpserver/app/response.go:40] Request [POST] [/api/map/map_route_nodes] Error.HttpCode[200] BusinessCode[6001] Message[地图关联路径节点不存在] ErrDetail[地图关联路径节点不存在]
2024-06-19 11:25:46 [EROR] [/Users/dg2023/Desktop/demo-gogo/database/common.go:85] [map]GetEntityByID Error.id[1] err[&errors.errorString{s:"record not found"}]
2024-06-19 11:25:46 [EROR] [/Users/dg2023/Desktop/demo-gogo/httpserver/app/response.go:40] Request [POST] [/api/map/map_route_nodes] Error.HttpCode[200] BusinessCode[6001] Message[地图关联路径节点不存在] ErrDetail[地图关联路径节点不存在]
2024-06-19 11:26:31 [EROR] [/Users/dg2023/Desktop/demo-gogo/httpserver/app/response.go:40] Request [POST] [/api/map/map_route_nodes] Error.HttpCode[200] BusinessCode[6000] Message[地图路径节点已经存在] ErrDetail[地图路径节点已经存在]
2024-06-19 11:27:33 [EROR] [/Users/dg2023/Desktop/demo-gogo/httpserver/app/response.go:40] Request [POST] [/api/map/map_route_nodes] Error.HttpCode[200] BusinessCode[6000] Message[地图路径节点已经存在] ErrDetail[地图路径节点已经存在]
2024-06-19 11:30:52 [EROR] [/Users/dg2023/Desktop/demo-gogo/httpserver/app/response.go:40] Request [POST] [/api/map/mapping] Error.HttpCode[200] BusinessCode[5002] Message[读取请求参数失败] ErrDetail[<nil>]
2024-06-19 11:32:00 [EROR] [/Users/dg2023/Desktop/demo-gogo/httpserver/app/response.go:40] Request [POST] [/api/map/mapping] Error.HttpCode[200] BusinessCode[5009] Message[修改/创建数据失败] ErrDetail[png: invalid format: not a PNG file]
2024-06-19 11:34:42 [EROR] [/Users/dg2023/Desktop/demo-gogo/httpserver/app/response.go:40] Request [POST] [/api/map/map_route_nodes] Error.HttpCode[200] BusinessCode[6000] Message[地图路径节点已经存在] ErrDetail[地图路径节点已经存在]
2024-06-19 12:23:48 [EROR] [/Users/dg2023/Desktop/demo-gogo/httpserver/app/response.go:40] Request [GET] [/api/map/map_nodes/3] Error.HttpCode[200] BusinessCode[5001] Message[请求URL不存在] ErrDetail[<nil>]
2024-06-19 12:27:27 [EROR] [/Users/dg2023/Desktop/demo-gogo/httpserver/app/response.go:40] Request [GET] [/api/map_nodes/?id=3] Error.HttpCode[200] BusinessCode[5001] Message[请求URL不存在] ErrDetail[<nil>]
2024-06-19 14:31:30 [EROR] [/Users/dg2023/Desktop/demo-gogo/httpserver/app/response.go:40] Request [GET] [/api/map_nodes/?id=3] Error.HttpCode[200] BusinessCode[5001] Message[请求URL不存在] ErrDetail[<nil>]
2024-06-19 14:45:08 [EROR] [/Users/dg2023/Desktop/demo-gogo/database/common.go:162] [map_route_nodes]CountAllEntityByFilter Error.filter[map[string]interface {}{"id":3, "name":"1"}] params[model.QueryParams{SubQueries:[]*model.SubQuery(nil), Orders:[]model.Order(nil), Limit:(*int)(0x53e7c28), Offset:(*int)(0x5499898), InQueries:[]*model.InQuery(nil), RangeQueries:[]*model.RangeQuery(nil), CompareQueries:[]*model.CompareQuery(nil), NotInQueries:[]map[string]interface {}(nil), GroupFields:[]string(nil), DistinctQueries:[]string(nil)}] err[&pgconn.PgError{Severity:"ERROR", Code:"42703", Message:"column \"name\" does not exist", Detail:"", Hint:"", Position:60, InternalPosition:0, InternalQuery:"", Where:"", SchemaName:"", TableName:"", ColumnName:"", DataTypeName:"", ConstraintName:"", File:"parse_relation.c", Line:3722, Routine:"errorMissingColumn"}]
2024-06-19 14:45:08 [EROR] [/Users/dg2023/Desktop/demo-gogo/httpserver/app/response.go:40] Request [GET] [/api/map/map_nodes?id=3&node_name=1] Error.HttpCode[200] BusinessCode[5006] Message[获取数据失败] ErrDetail[ERROR: column "name" does not exist (SQLSTATE 42703)]
2024-06-19 14:59:07 [WARN] [/Users/dg2023/Desktop/demo-gogo/database/common.go:249] [map_route_nodes]DeleteEntityByFilter Warn.filter[map[string]interface {}{"id":3}] params[model.QueryParams{SubQueries:[]*model.SubQuery(nil), Orders:[]model.Order(nil), Limit:(*int)(nil), Offset:(*int)(nil), InQueries:[]*model.InQuery(nil), RangeQueries:[]*model.RangeQuery(nil), CompareQueries:[]*model.CompareQuery(nil), NotInQueries:[]map[string]interface {}(nil), GroupFields:[]string(nil), DistinctQueries:[]string(nil)}]
2024-06-19 14:59:58 [EROR] [/Users/dg2023/Desktop/demo-gogo/httpserver/app/response.go:40] Request [GET] [/api/map/map_route_nodes] Error.HttpCode[200] BusinessCode[5001] Message[请求URL不存在] ErrDetail[<nil>]
2024-06-19 15:00:52 [WARN] [/Users/dg2023/Desktop/demo-gogo/database/common.go:249] [map_route_nodes]DeleteEntityByFilter Warn.filter[map[string]interface {}{"id":3}] params[model.QueryParams{SubQueries:[]*model.SubQuery(nil), Orders:[]model.Order(nil), Limit:(*int)(nil), Offset:(*int)(nil), InQueries:[]*model.InQuery(nil), RangeQueries:[]*model.RangeQuery(nil), CompareQueries:[]*model.CompareQuery(nil), NotInQueries:[]map[string]interface {}(nil), GroupFields:[]string(nil), DistinctQueries:[]string(nil)}]
2024-06-19 15:15:33 [EROR] [/Users/dg2023/Desktop/demo-gogo/httpserver/app/response.go:40] Request [POST] [/api/map_node] Error.HttpCode[200] BusinessCode[5001] Message[请求URL不存在] ErrDetail[<nil>]
2024-06-19 15:15:51 [EROR] [/Users/dg2023/Desktop/demo-gogo/httpserver/app/response.go:40] Request [POST] [/api/map/map_node] Error.HttpCode[200] BusinessCode[5001] Message[请求URL不存在] ErrDetail[<nil>]
2024-06-19 15:15:58 [EROR] [/Users/dg2023/Desktop/demo-gogo/httpserver/app/response.go:40] Request [POST] [/api/map/map_nodes] Error.HttpCode[200] BusinessCode[5002] Message[读取请求参数失败] ErrDetail[<nil>]
2024-06-19 15:17:15 [EROR] [/Users/dg2023/Desktop/demo-gogo/httpserver/app/response.go:40] Request [POST] [/api/map/map_nodes] Error.HttpCode[200] BusinessCode[5002] Message[读取请求参数失败] ErrDetail[<nil>]
2024-06-19 15:17:37 [EROR] [/Users/dg2023/Desktop/demo-gogo/httpserver/app/response.go:40] Request [POST] [/api/map/map_nodes] Error.HttpCode[200] BusinessCode[5002] Message[读取请求参数失败] ErrDetail[<nil>]
2024-06-19 15:17:51 [EROR] [/Users/dg2023/Desktop/demo-gogo/httpserver/app/response.go:40] Request [POST] [/api/map/map_nodes] Error.HttpCode[200] BusinessCode[5002] Message[读取请求参数失败] ErrDetail[<nil>]
2024-06-19 15:18:04 [EROR] [/Users/dg2023/Desktop/demo-gogo/httpserver/app/response.go:40] Request [POST] [/api/map/map_nodes] Error.HttpCode[200] BusinessCode[5086] Message[节点超出区域范围] ErrDetail[节点超出区域范围]
2024-06-19 15:20:40 [EROR] [/Users/dg2023/Desktop/demo-gogo/httpserver/app/response.go:40] Request [POST] [/api/map/map_nodes] Error.HttpCode[200] BusinessCode[6000] Message[地图路径节点已经存在] ErrDetail[地图路径节点已经存在]
2024-06-20 10:15:40 [EROR] [/Users/dg2023/Desktop/demo-gogo/database/common.go:126] [map_routes]ListEntityByFilter Error.filter[map[string]interface {}{"route_name":"Site0001-Site0002"}] params[model.QueryParams{SubQueries:[]*model.SubQuery(nil), Orders:[]model.Order(nil), Limit:(*int)(0x53f7c28), Offset:(*int)(0x54a9e38), InQueries:[]*model.InQuery(nil), RangeQueries:[]*model.RangeQuery(nil), CompareQueries:[]*model.CompareQuery(nil), NotInQueries:[]map[string]interface {}(nil), GroupFields:[]string(nil), DistinctQueries:[]string(nil)}] err[&pgconn.PgError{Severity:"ERROR", Code:"42703", Message:"column \"route_name\" does not exist", Detail:"", Hint:"Perhaps you meant to reference the column \"map_routes.routes_name\".", Position:34, InternalPosition:0, InternalQuery:"", Where:"", SchemaName:"", TableName:"", ColumnName:"", DataTypeName:"", ConstraintName:"", File:"parse_relation.c", Line:3729, Routine:"errorMissingColumn"}]
2024-06-20 10:15:40 [EROR] [/Users/dg2023/Desktop/demo-gogo/httpserver/app/response.go:40] Request [POST] [/api/map/map_routes] Error.HttpCode[200] BusinessCode[5009] Message[修改/创建数据失败] ErrDetail[ERROR: column "route_name" does not exist (SQLSTATE 42703)]
2024-06-20 10:17:36 [EROR] [/Users/dg2023/Desktop/demo-gogo/database/common.go:126] [map_routes]ListEntityByFilter Error.filter[map[string]interface {}{"route_name":"Site0001-Site0002"}] params[model.QueryParams{SubQueries:[]*model.SubQuery(nil), Orders:[]model.Order(nil), Limit:(*int)(0x53f7c28), Offset:(*int)(0x54a9e38), InQueries:[]*model.InQuery(nil), RangeQueries:[]*model.RangeQuery(nil), CompareQueries:[]*model.CompareQuery(nil), NotInQueries:[]map[string]interface {}(nil), GroupFields:[]string(nil), DistinctQueries:[]string(nil)}] err[&pgconn.PgError{Severity:"ERROR", Code:"42703", Message:"column \"route_name\" does not exist", Detail:"", Hint:"Perhaps you meant to reference the column \"map_routes.routes_name\".", Position:34, InternalPosition:0, InternalQuery:"", Where:"", SchemaName:"", TableName:"", ColumnName:"", DataTypeName:"", ConstraintName:"", File:"parse_relation.c", Line:3729, Routine:"errorMissingColumn"}]
2024-06-20 10:17:36 [EROR] [/Users/dg2023/Desktop/demo-gogo/httpserver/app/response.go:40] Request [POST] [/api/map/map_routes] Error.HttpCode[200] BusinessCode[5009] Message[修改/创建数据失败] ErrDetail[ERROR: column "route_name" does not exist (SQLSTATE 42703)]
2024-06-20 10:18:45 [EROR] [/Users/dg2023/Desktop/demo-gogo/httpserver/app/response.go:40] Request [POST] [/api/map/map_routes] Error.HttpCode[200] BusinessCode[6001] Message[此地图路径节点不存在] ErrDetail[此地图路径节点不存在]
2024-06-20 10:21:12 [EROR] [/Users/dg2023/Desktop/demo-gogo/httpserver/app/response.go:40] Request [POST] [/api/map/map_routes] Error.HttpCode[200] BusinessCode[6001] Message[此地图路径节点不存在] ErrDetail[此地图路径节点不存在]
2024-06-20 10:22:29 [EROR] [/Users/dg2023/Desktop/demo-gogo/httpserver/app/response.go:40] Request [POST] [/api/map/map_routes] Error.HttpCode[200] BusinessCode[6001] Message[此地图路径节点不存在] ErrDetail[此地图路径节点不存在]
2024-06-20 10:23:47 [EROR] [/Users/dg2023/Desktop/demo-gogo/service/map.go:321] 地图路径数据创建失败,err:[BatchCreateEntity [entity] Kind Must slice]
2024-06-20 10:23:47 [EROR] [/Users/dg2023/Desktop/demo-gogo/httpserver/app/response.go:40] Request [POST] [/api/map/map_routes] Error.HttpCode[200] BusinessCode[5009] Message[修改/创建数据失败] ErrDetail[BatchCreateEntity [entity] Kind Must slice]
2024-06-20 10:25:39 [EROR] [/Users/dg2023/Desktop/demo-gogo/database/common.go:175] [map_route_nodes]CreateEntity Error.entity[&[]model.MapRoutes{model.MapRoutes{Model:model.Model{ID:0, CreatedAt:model.LocalTime{wall:0x15840e8, ext:63854447139, loc:(*time.Location)(0x5474ca0)}, UpdatedAt:model.LocalTime{wall:0x15840e8, ext:63854447139, loc:(*time.Location)(0x5474ca0)}, DeletedAt:gorm.DeletedAt{Time:time.Date(1, time.January, 1, 0, 0, 0, 0, time.UTC), Valid:false}}, RoutesName:"Site0001-Site0002", MapID:3, Path:"5-6", PathRole:"双向"}}] err[&pgconn.PgError{Severity:"ERROR", Code:"42703", Message:"column \"route_name\" of relation \"map_route_nodes\" does not exist", Detail:"", Hint:"", Position:71, InternalPosition:0, InternalQuery:"", Where:"", SchemaName:"", TableName:"", ColumnName:"", DataTypeName:"", ConstraintName:"", File:"parse_target.c", Line:1066, Routine:"checkInsertTargets"}]
2024-06-20 10:25:39 [EROR] [/Users/dg2023/Desktop/demo-gogo/service/map.go:320] 地图路径数据创建失败,err:[ERROR: column "route_name" of relation "map_route_nodes" does not exist (SQLSTATE 42703)]
2024-06-20 10:25:39 [EROR] [/Users/dg2023/Desktop/demo-gogo/httpserver/app/response.go:40] Request [POST] [/api/map/map_routes] Error.HttpCode[200] BusinessCode[5009] Message[修改/创建数据失败] ErrDetail[ERROR: column "route_name" of relation "map_route_nodes" does not exist (SQLSTATE 42703)]
2024-06-20 12:23:09 [EROR] [/Users/dg2023/Desktop/demo-gogo/service/map.go:286] 地图数据创建失败. err:[BatchCreateEntity [entity] Kind Must slice]
2024-06-20 12:23:09 [EROR] [/Users/dg2023/Desktop/demo-gogo/httpserver/app/response.go:40] Request [POST] [/api/map/map_routes] Error.HttpCode[200] BusinessCode[5009] Message[修改/创建数据失败] ErrDetail[BatchCreateEntity [entity] Kind Must slice]
2024-06-20 12:24:45 [EROR] [/Users/dg2023/Desktop/demo-gogo/service/map.go:292] 地图路径节点创建失败. err:[BatchCreateEntity [entity] Kind Must slice]
2024-06-20 12:24:45 [EROR] [/Users/dg2023/Desktop/demo-gogo/httpserver/app/response.go:40] Request [POST] [/api/map/map_routes] Error.HttpCode[200] BusinessCode[5009] Message[修改/创建数据失败] ErrDetail[BatchCreateEntity [entity] Kind Must slice]
2024-06-20 12:25:31 [EROR] [/Users/dg2023/Desktop/demo-gogo/service/map.go:294] 地图路径节点创建失败. err:[BatchCreateEntity [entity] Kind Must slice]
2024-06-20 12:25:31 [EROR] [/Users/dg2023/Desktop/demo-gogo/httpserver/app/response.go:40] Request [POST] [/api/map/map_routes] Error.HttpCode[200] BusinessCode[5009] Message[修改/创建数据失败] ErrDetail[BatchCreateEntity [entity] Kind Must slice]
2024-06-20 12:26:36 [EROR] [/Users/dg2023/Desktop/demo-gogo/service/map.go:295] 地图路径节点创建失败. err:[BatchCreateEntity [entity] Kind Must slice]
2024-06-20 12:26:36 [EROR] [/Users/dg2023/Desktop/demo-gogo/httpserver/app/response.go:40] Request [POST] [/api/map/map_routes] Error.HttpCode[200] BusinessCode[5009] Message[修改/创建数据失败] ErrDetail[BatchCreateEntity [entity] Kind Must slice]
2024-06-20 12:26:53 [EROR] [/Users/dg2023/Desktop/demo-gogo/service/map.go:295] 地图路径节点创建失败. err:[BatchCreateEntity [entity] Kind Must slice]
2024-06-20 12:26:53 [EROR] [/Users/dg2023/Desktop/demo-gogo/httpserver/app/response.go:40] Request [POST] [/api/map/map_routes] Error.HttpCode[200] BusinessCode[5009] Message[修改/创建数据失败] ErrDetail[BatchCreateEntity [entity] Kind Must slice]
2024-06-20 12:28:17 [EROR] [/Users/dg2023/Desktop/demo-gogo/service/map.go:296] 地图路径节点创建失败. err:[BatchCreateEntity [entity] Kind Must slice]
2024-06-20 12:28:17 [EROR] [/Users/dg2023/Desktop/demo-gogo/httpserver/app/response.go:40] Request [POST] [/api/map/map_routes] Error.HttpCode[200] BusinessCode[5009] Message[修改/创建数据失败] ErrDetail[BatchCreateEntity [entity] Kind Must slice]
2024-06-20 13:11:52 [EROR] [/Users/dg2023/Desktop/demo-gogo/service/map.go:285] 地图路径节点创建失败. err:[BatchCreateEntity [entity] Kind Must slice]
2024-06-20 13:11:52 [EROR] [/Users/dg2023/Desktop/demo-gogo/httpserver/app/response.go:40] Request [POST] [/api/map/map_routes] Error.HttpCode[200] BusinessCode[5009] Message[修改/创建数据失败] ErrDetail[BatchCreateEntity [entity] Kind Must slice]
2024-06-20 13:13:03 [EROR] [/Users/dg2023/Desktop/demo-gogo/service/map.go:285] 地图路径节点创建失败. err:[BatchCreateEntity [entity] Kind Must slice]
2024-06-20 13:13:03 [EROR] [/Users/dg2023/Desktop/demo-gogo/httpserver/app/response.go:40] Request [POST] [/api/map/map_routes] Error.HttpCode[200] BusinessCode[5009] Message[修改/创建数据失败] ErrDetail[BatchCreateEntity [entity] Kind Must slice]
2024-06-20 13:13:46 [EROR] [/Users/dg2023/Desktop/demo-gogo/service/map.go:285] 地图路径节点创建失败. err:[BatchCreateEntity [entity] Kind Must slice]
2024-06-20 13:13:46 [EROR] [/Users/dg2023/Desktop/demo-gogo/httpserver/app/response.go:40] Request [POST] [/api/map/map_routes] Error.HttpCode[200] BusinessCode[5009] Message[修改/创建数据失败] ErrDetail[BatchCreateEntity [entity] Kind Must slice]
2024-06-20 13:15:09 [EROR] [/Users/dg2023/Desktop/demo-gogo/service/map.go:286] 地图路径节点创建失败. err:[BatchCreateEntity [entity] Kind Must slice]
2024-06-20 13:15:09 [EROR] [/Users/dg2023/Desktop/demo-gogo/httpserver/app/response.go:40] Request [POST] [/api/map/map_routes] Error.HttpCode[200] BusinessCode[5009] Message[修改/创建数据失败] ErrDetail[BatchCreateEntity [entity] Kind Must slice]
2024-06-20 13:17:01 [EROR] [/Users/dg2023/Desktop/demo-gogo/service/map.go:286] 地图路径节点创建失败. err:[BatchCreateEntity [entity] Kind Must slice]
2024-06-20 13:17:01 [EROR] [/Users/dg2023/Desktop/demo-gogo/httpserver/app/response.go:40] Request [POST] [/api/map/map_routes] Error.HttpCode[200] BusinessCode[5009] Message[修改/创建数据失败] ErrDetail[BatchCreateEntity [entity] Kind Must slice]
2024-06-20 13:18:08 [EROR] [/Users/dg2023/Desktop/demo-gogo/service/map.go:286] 地图路径节点创建失败. err:[BatchCreateEntity [entity] Kind Must slice]
2024-06-20 13:18:08 [EROR] [/Users/dg2023/Desktop/demo-gogo/httpserver/app/response.go:40] Request [POST] [/api/map/map_routes] Error.HttpCode[200] BusinessCode[5009] Message[修改/创建数据失败] ErrDetail[BatchCreateEntity [entity] Kind Must slice]
2024-06-20 13:19:15 [EROR] [/Users/dg2023/Desktop/demo-gogo/httpserver/app/response.go:40] Request [POST] [/api/map/map_routes] Error.HttpCode[200] BusinessCode[6000] Message[该地图节点已经存在] ErrDetail[该地图节点已经存在]
2024-06-20 13:20:37 [EROR] [/Users/dg2023/Desktop/demo-gogo/service/map.go:302] 地图路径创建失败. err:[BatchCreateEntity [entity] Kind Must slice]
2024-06-20 13:20:37 [EROR] [/Users/dg2023/Desktop/demo-gogo/httpserver/app/response.go:40] Request [POST] [/api/map/map_routes] Error.HttpCode[200] BusinessCode[5009] Message[修改/创建数据失败] ErrDetail[BatchCreateEntity [entity] Kind Must slice]
2024-06-20 13:21:15 [EROR] [/Users/dg2023/Desktop/demo-gogo/httpserver/app/response.go:40] Request [POST] [/api/map/map_routes] Error.HttpCode[200] BusinessCode[6000] Message[该地图节点已经存在] ErrDetail[该地图节点已经存在]
2024-06-20 14:32:44 [EROR] [/Users/dg2023/Desktop/demo-gogo/httpserver/app/response.go:40] Request [POST] [/api/map/map_routes] Error.HttpCode[200] BusinessCode[6000] Message[该地图节点已经存在] ErrDetail[该地图节点已经存在]
2024-06-20 14:33:12 [EROR] [/Users/dg2023/Desktop/demo-gogo/database/common.go:197] [map_route_nodes]BatchCreateEntity Error.entities[[]model.MapRouteNodes{model.MapRouteNodes{Model:model.Model{ID:8, CreatedAt:model.LocalTime{wall:0x2900950, ext:63854457927, loc:(*time.Location)(0x5474c80)}, UpdatedAt:model.LocalTime{wall:0x2900950, ext:63854457927, loc:(*time.Location)(0x5474c80)}, DeletedAt:gorm.DeletedAt{Time:time.Date(1, time.January, 1, 0, 0, 0, 0, time.UTC), Valid:false}}, NodeName:"Site0008", MapID:3, Angle:"90", Comment:"双向", Roi:pq.Float64Array{400, 399}}, model.MapRouteNodes{Model:model.Model{ID:0, CreatedAt:model.LocalTime{wall:0x0, ext:0, loc:(*time.Location)(nil)}, UpdatedAt:model.LocalTime{wall:0x0, ext:0, loc:(*time.Location)(nil)}, DeletedAt:gorm.DeletedAt{Time:time.Date(1, time.January, 1, 0, 0, 0, 0, time.UTC), Valid:false}}, NodeName:"Site0009", MapID:3, Angle:"180", Comment:"单向", Roi:pq.Float64Array{200, 199}}, model.MapRouteNodes{Model:model.Model{ID:0, CreatedAt:model.LocalTime{wall:0x0, ext:0, loc:(*time.Location)(nil)}, UpdatedAt:model.LocalTime{wall:0x0, ext:0, loc:(*time.Location)(nil)}, DeletedAt:gorm.DeletedAt{Time:time.Date(1, time.January, 1, 0, 0, 0, 0, time.UTC), Valid:false}}, NodeName:"Site0010", MapID:3, Angle:"90", Comment:"单向", Roi:pq.Float64Array{400, 199}}}] err[&pgconn.PgError{Severity:"ERROR", Code:"23505", Message:"duplicate key value violates unique constraint \"map_route_nodes_pkey\"", Detail:"Key (id)=(8) already exists.", Hint:"", Position:0, InternalPosition:0, InternalQuery:"", Where:"", SchemaName:"public", TableName:"map_route_nodes", ColumnName:"", DataTypeName:"", ConstraintName:"map_route_nodes_pkey", File:"nbtinsert.c", Line:666, Routine:"_bt_check_unique"}]
2024-06-20 14:33:12 [EROR] [/Users/dg2023/Desktop/demo-gogo/service/map.go:284] 地图路径节点创建失败. err:[ERROR: duplicate key value violates unique constraint "map_route_nodes_pkey" (SQLSTATE 23505)]
2024-06-20 14:33:12 [EROR] [/Users/dg2023/Desktop/demo-gogo/httpserver/app/response.go:40] Request [POST] [/api/map/map_routes] Error.HttpCode[200] BusinessCode[5009] Message[修改/创建数据失败] ErrDetail[ERROR: duplicate key value violates unique constraint "map_route_nodes_pkey" (SQLSTATE 23505)]
2024-06-20 15:35:18 [EROR] [/Users/dg2023/Desktop/demo-gogo/httpserver/app/response.go:40] Request [POST] [/api/map/map_routes] Error.HttpCode[200] BusinessCode[6000] Message[该地图节点已经存在] ErrDetail[该地图节点已经存在]
2024-06-20 16:00:45 [EROR] [/Users/dg2023/Desktop/demo-gogo/database/common.go:85] [map_routes]GetEntityByID Error.id[10] err[&errors.errorString{s:"record not found"}]
2024-06-20 16:00:45 [EROR] [/Users/dg2023/Desktop/demo-gogo/httpserver/app/response.go:40] Request [POST] [/api/map/map_routes] Error.HttpCode[200] BusinessCode[6001] Message[待编辑路径不存在] ErrDetail[待编辑路径不存在]
2024-06-20 16:01:02 [EROR] [/Users/dg2023/Desktop/demo-gogo/database/common.go:211] [map]SaveEntity Error.updater[&model.MapRoutes{Model:model.Model{ID:12, CreatedAt:model.LocalTime{wall:0x24899b70, ext:63854466114, loc:(*time.Location)(0x5474c80)}, UpdatedAt:model.LocalTime{wall:0x1fc23fc0, ext:63854467262, loc:(*time.Location)(0x5474c80)}, DeletedAt:gorm.DeletedAt{Time:time.Date(1, time.January, 1, 0, 0, 0, 0, time.UTC), Valid:false}}, RoutesName:"a-b", MapID:1, Path:"a-b", PathRole:"双"}] err[&pgconn.PgError{Severity:"ERROR", Code:"42703", Message:"column \"map_id\" of relation \"map\" does not exist", Detail:"", Hint:"", Position:76, InternalPosition:0, InternalQuery:"", Where:"", SchemaName:"", TableName:"", ColumnName:"", DataTypeName:"", ConstraintName:"", File:"analyze.c", Line:2527, Routine:"transformUpdateTargetList"}]
2024-06-20 16:01:02 [EROR] [/Users/dg2023/Desktop/demo-gogo/service/map.go:374] 地图路径更新失败. err:[ERROR: column "map_id" of relation "map" does not exist (SQLSTATE 42703)]
2024-06-20 16:01:02 [EROR] [/Users/dg2023/Desktop/demo-gogo/httpserver/app/response.go:40] Request [POST] [/api/map/map_routes] Error.HttpCode[200] BusinessCode[5009] Message[修改/创建数据失败] ErrDetail[ERROR: column "map_id" of relation "map" does not exist (SQLSTATE 42703)]
2024-06-20 16:04:37 [EROR] [/Users/dg2023/Desktop/demo-gogo/httpserver/app/response.go:40] Request [POST] [/api/map/map_routes] Error.HttpCode[200] BusinessCode[6000] Message[该地图路径已经存在] ErrDetail[该地图路径已经存在]
2024-06-20 16:15:27 [EROR] [/Users/dg2023/Desktop/demo-gogo/httpserver/app/response.go:40] Request [POST] [/api/map/map_routes] Error.HttpCode[200] BusinessCode[6000] Message[该地图节点已经存在] ErrDetail[该地图节点已经存在]
2024-06-20 16:17:10 [EROR] [/Users/dg2023/Desktop/demo-gogo/httpserver/app/response.go:40] Request [POST] [/api/map/map_routes] Error.HttpCode[200] BusinessCode[6000] Message[该地图节点已经存在] ErrDetail[该地图节点已经存在]
2024-06-20 16:22:04 [EROR] [/Users/dg2023/Desktop/demo-gogo/httpserver/app/response.go:40] Request [POST] [/api/map/map_routes] Error.HttpCode[200] BusinessCode[6000] Message[该地图节点已经存在] ErrDetail[该地图节点已经存在]
2024-06-20 16:23:56 [EROR] [/Users/dg2023/Desktop/demo-gogo/database/common.go:85] [map_route_nodes]GetEntityByID Error.id[10] err[&errors.errorString{s:"record not found"}]
2024-06-20 16:23:56 [EROR] [/Users/dg2023/Desktop/demo-gogo/httpserver/app/response.go:40] Request [POST] [/api/map/map_routes] Error.HttpCode[200] BusinessCode[6001] Message[待复用路径节点不存在] ErrDetail[待复用路径节点不存在]
2024-06-20 16:30:06 [EROR] [/Users/dg2023/Desktop/demo-gogo/httpserver/app/response.go:40] Request [POST] [/api/map/map_routes] Error.HttpCode[200] BusinessCode[6000] Message[该地图路径已经存在] ErrDetail[该地图路径已经存在]
2024-06-20 16:39:29 [EROR] [/Users/dg2023/Desktop/demo-gogo/httpserver/app/response.go:40] Request [POST] [/api/map/map_routes] Error.HttpCode[200] BusinessCode[6000] Message[该地图节点已经存在] ErrDetail[该地图节点已经存在]
2024-06-20 16:44:42 [EROR] [/Users/dg2023/Desktop/demo-gogo/httpserver/app/response.go:40] Request [POST] [/api/map/map_routes] Error.HttpCode[200] BusinessCode[6000] Message[该地图节点已经存在] ErrDetail[该地图节点已经存在]
2024-06-20 18:16:21 [EROR] [/Users/dg2023/Desktop/demo-gogo/httpserver/app/response.go:40] Request [POST] [/api/map/map_nodes] Error.HttpCode[200] BusinessCode[5003] Message[参数验证错误name] ErrDetail[参数验证错误name]
2024-06-20 18:16:58 [EROR] [/Users/dg2023/Desktop/demo-gogo/httpserver/app/response.go:40] Request [POST] [/api/map/map_nodes] Error.HttpCode[200] BusinessCode[5009] Message[修改/创建数据失败] ErrDetail[ListEntityByFilter [entities] Kind Must Ptr]
2024-06-20 18:19:59 [EROR] [/Users/dg2023/Desktop/demo-gogo/httpserver/app/response.go:40] Request [POST] [/api/map/map_nodes] Error.HttpCode[200] BusinessCode[5009] Message[修改/创建数据失败] ErrDetail[GetEntityPluck [entities] Kind Must ptr]
2024-06-20 18:59:05 [EROR] [/Users/dg2023/Desktop/demo-gogo/httpserver/app/response.go:40] Request [POST] [/api/map/map_nodes] Error.HttpCode[200] BusinessCode[6000] Message[地图路径节点已经存在] ErrDetail[地图路径节点已经存在]
2024-06-20 19:14:38 [EROR] [/Users/dg2023/Desktop/demo-gogo/httpserver/app/response.go:40] Request [POST] [/api/map/map_nodes] Error.HttpCode[200] BusinessCode[6000] Message[地图路径节点已经存在] ErrDetail[地图路径节点已经存在]
2024-06-21 09:36:55 [WARN] [/Users/dg2023/Desktop/demo-gogo/database/common.go:249] [map_routes]DeleteEntityByFilter Warn.filter[map[string]interface {}{"id":2}] params[model.QueryParams{SubQueries:[]*model.SubQuery(nil), Orders:[]model.Order(nil), Limit:(*int)(nil), Offset:(*int)(nil), InQueries:[]*model.InQuery(nil), RangeQueries:[]*model.RangeQuery(nil), CompareQueries:[]*model.CompareQuery(nil), NotInQueries:[]map[string]interface {}(nil), GroupFields:[]string(nil), DistinctQueries:[]string(nil)}]
2024-06-21 09:36:58 [WARN] [/Users/dg2023/Desktop/demo-gogo/database/common.go:249] [map_routes]DeleteEntityByFilter Warn.filter[map[string]interface {}{"id":2}] params[model.QueryParams{SubQueries:[]*model.SubQuery(nil), Orders:[]model.Order(nil), Limit:(*int)(nil), Offset:(*int)(nil), InQueries:[]*model.InQuery(nil), RangeQueries:[]*model.RangeQuery(nil), CompareQueries:[]*model.CompareQuery(nil), NotInQueries:[]map[string]interface {}(nil), GroupFields:[]string(nil), DistinctQueries:[]string(nil)}]
2024-06-21 09:43:06 [EROR] [/Users/dg2023/Desktop/demo-gogo/httpserver/app/response.go:40] Request [GET] [/api/map/2] Error.HttpCode[200] BusinessCode[5001] Message[请求URL不存在] ErrDetail[<nil>]
2024-06-21 09:43:12 [EROR] [/Users/dg2023/Desktop/demo-gogo/httpserver/app/response.go:40] Request [DELETE] [/api/map/2] Error.HttpCode[200] BusinessCode[5001] Message[请求URL不存在] ErrDetail[<nil>]
2024-06-21 09:43:54 [EROR] [/Users/dg2023/Desktop/demo-gogo/httpserver/app/response.go:40] Request [GET] [/api/map/base_map] Error.HttpCode[200] BusinessCode[5001] Message[请求URL不存在] ErrDetail[<nil>]
2024-06-21 09:44:19 [WARN] [/Users/dg2023/Desktop/demo-gogo/database/common.go:249] [map]DeleteEntityByFilter Warn.filter[map[string]interface {}{"id":2}] params[model.QueryParams{SubQueries:[]*model.SubQuery(nil), Orders:[]model.Order(nil), Limit:(*int)(nil), Offset:(*int)(nil), InQueries:[]*model.InQuery(nil), RangeQueries:[]*model.RangeQuery(nil), CompareQueries:[]*model.CompareQuery(nil), NotInQueries:[]map[string]interface {}(nil), GroupFields:[]string(nil), DistinctQueries:[]string(nil)}]
2024-06-21 09:53:09 [EROR] [/Users/dg2023/Desktop/demo-gogo/httpserver/app/response.go:40] Request [POST] [/api/base_map] Error.HttpCode[200] BusinessCode[5001] Message[请求URL不存在] ErrDetail[<nil>]
2024-06-21 09:53:16 [EROR] [/Users/dg2023/Desktop/demo-gogo/httpserver/app/response.go:40] Request [POST] [/api/base_map] Error.HttpCode[200] BusinessCode[5001] Message[请求URL不存在] ErrDetail[<nil>]
2024-06-21 09:54:20 [EROR] [/Users/dg2023/Desktop/demo-gogo/httpserver/app/response.go:40] Request [POST] [/api/base_map] Error.HttpCode[200] BusinessCode[5001] Message[请求URL不存在] ErrDetail[<nil>]
2024-06-21 10:16:23 [EROR] [/Users/dg2023/Desktop/demo-gogo/httpserver/app/response.go:40] Request [POST] [/api/map/map_routes] Error.HttpCode[200] BusinessCode[5002] Message[读取请求参数失败] ErrDetail[<nil>]
2024-06-21 10:17:01 [EROR] [/Users/dg2023/Desktop/demo-gogo/httpserver/app/response.go:40] Request [POST] [/api/map/map_routes] Error.HttpCode[200] BusinessCode[6000] Message[该地图节点已经存在] ErrDetail[该地图节点已经存在]
2024-06-21 15:27:11 [EROR] [/Users/dg2023/Desktop/demo-gogo/httpserver/app/response.go:40] Request [POST] [/api/map/path] Error.HttpCode[200] BusinessCode[6000] Message[地图已经存在] ErrDetail[地图已经存在]
2024-06-21 15:28:33 [EROR] [/Users/dg2023/Desktop/demo-gogo/httpserver/app/response.go:40] Request [POST] [/api/map/path] Error.HttpCode[200] BusinessCode[6000] Message[路径已经存在] ErrDetail[路径已经存在]
2024-06-21 15:28:43 [EROR] [/Users/dg2023/Desktop/demo-gogo/httpserver/app/response.go:40] Request [POST] [/api/map/path] Error.HttpCode[200] BusinessCode[6000] Message[路径已经存在] ErrDetail[路径已经存在]
2024-06-21 15:29:02 [EROR] [/Users/dg2023/Desktop/demo-gogo/httpserver/app/response.go:40] Request [POST] [/api/map/path] Error.HttpCode[200] BusinessCode[6000] Message[路径已经存在] ErrDetail[路径已经存在]
2024-06-21 15:30:07 [EROR] [/Users/dg2023/Desktop/demo-gogo/httpserver/app/response.go:40] Request [POST] [/api/map/path/4] Error.HttpCode[200] BusinessCode[5001] Message[请求URL不存在] ErrDetail[<nil>]
2024-06-21 15:35:44 [EROR] [/Users/dg2023/Desktop/demo-gogo/httpserver/app/response.go:40] Request [POST] [/api/map/base_map] Error.HttpCode[200] BusinessCode[5002] Message[读取请求参数失败] ErrDetail[<nil>]
2024-06-21 15:36:04 [EROR] [/Users/dg2023/Desktop/demo-gogo/database/common.go:211] [base_map]SaveEntity Error.updater[&model.BaseMap{Model:model.Model{ID:4, CreatedAt:model.LocalTime{wall:0x369b5ec0, ext:63854531671, loc:(*time.Location)(0x546c700)}, UpdatedAt:model.LocalTime{wall:0x9836cc0, ext:63854552164, loc:(*time.Location)(0x546c700)}, DeletedAt:gorm.DeletedAt{Time:time.Date(1, time.January, 1, 0, 0, 0, 0, time.UTC), Valid:false}}, Name:"test_createMap222", MapURL:"/Users/dg2023/Desktop/test_photo.png", MapURLCompress:"", PathID:5, Height:999, Weight:888}] err[&pgconn.PgError{Severity:"ERROR", Code:"42703", Message:"column \"path_id\" of relation \"base_map\" does not exist", Detail:"", Hint:"", Position:116, InternalPosition:0, InternalQuery:"", Where:"", SchemaName:"", TableName:"", ColumnName:"", DataTypeName:"", ConstraintName:"", File:"analyze.c", Line:2527, Routine:"transformUpdateTargetList"}]
2024-06-21 15:36:04 [EROR] [/Users/dg2023/Desktop/demo-gogo/service/map.go:66] 地图数据更新失败. err:[ERROR: column "path_id" of relation "base_map" does not exist (SQLSTATE 42703)]
2024-06-21 15:36:04 [EROR] [/Users/dg2023/Desktop/demo-gogo/httpserver/app/response.go:40] Request [POST] [/api/map/base_map] Error.HttpCode[200] BusinessCode[5009] Message[修改/创建数据失败] ErrDetail[ERROR: column "path_id" of relation "base_map" does not exist (SQLSTATE 42703)]
2024-06-21 15:37:41 [EROR] [/Users/dg2023/Desktop/demo-gogo/database/common.go:126] [base_map]ListEntityByFilter Error.filter[map[string]interface {}{"name":"test_createMap222"}] params[model.QueryParams{SubQueries:[]*model.SubQuery(nil), Orders:[]model.Order(nil), Limit:(*int)(0x53efc28), Offset:(*int)(0x54a18b8), InQueries:[]*model.InQuery(nil), RangeQueries:[]*model.RangeQuery(nil), CompareQueries:[]*model.CompareQuery(nil), NotInQueries:[]map[string]interface {}(nil), GroupFields:[]string(nil), DistinctQueries:[]string(nil)}] err[&pgconn.PgError{Severity:"ERROR", Code:"0A000", Message:"cached plan must not change result type", Detail:"", Hint:"", Position:0, InternalPosition:0, InternalQuery:"", Where:"", SchemaName:"", TableName:"", ColumnName:"", DataTypeName:"", ConstraintName:"", File:"plancache.c", Line:722, Routine:"RevalidateCachedQuery"}]
2024-06-21 15:37:41 [EROR] [/Users/dg2023/Desktop/demo-gogo/httpserver/app/response.go:40] Request [POST] [/api/map/base_map] Error.HttpCode[200] BusinessCode[5009] Message[修改/创建数据失败] ErrDetail[ERROR: cached plan must not change result type (SQLSTATE 0A000)]
2024-06-21 15:44:55 [EROR] [/Users/dg2023/Desktop/demo-gogo/database/common.go:85] [path]GetEntityByID Error.id[16] err[&errors.errorString{s:"record not found"}]
2024-06-21 15:44:55 [EROR] [/Users/dg2023/Desktop/demo-gogo/httpserver/app/response.go:40] Request [POST] [/api/map/base_map] Error.HttpCode[200] BusinessCode[6001] Message[关联大路径不存在] ErrDetail[关联大路径不存在]
2024-06-25 10:38:25 [EROR] [/Users/dg2023/Desktop/demo-gogo/httpserver/app/response.go:40] Request [POST] [/api/map/base_map] Error.HttpCode[200] BusinessCode[6001] Message[路径文件不存在] ErrDetail[路径文件不存在]
2024-06-25 10:40:52 [EROR] [/Users/dg2023/Desktop/demo-gogo/database/common.go:85] [path]GetEntityByID Error.id[6] err[&errors.errorString{s:"record not found"}]
2024-06-25 10:40:52 [EROR] [/Users/dg2023/Desktop/demo-gogo/httpserver/app/response.go:40] Request [POST] [/api/map/base_map] Error.HttpCode[200] BusinessCode[6001] Message[关联大路径不存在] ErrDetail[关联大路径不存在]
2024-06-25 10:45:12 [EROR] [/Users/dg2023/Desktop/demo-gogo/database/common.go:211] [base_map]SaveEntity Error.updater[&model.BaseMap{Model:model.Model{ID:3, CreatedAt:model.LocalTime{wall:0x199eceb0, ext:63854364781, loc:(*time.Location)(0x5470700)}, UpdatedAt:model.LocalTime{wall:0x21ae8348, ext:63854880312, loc:(*time.Location)(0x5470700)}, DeletedAt:gorm.DeletedAt{Time:time.Date(1, time.January, 1, 0, 0, 0, 0, time.UTC), Valid:false}}, Name:"map_test", MapURL:"http://120.46.48.255:9094/files/maps/test_photo.png", MapURLCompress:"", PathID:6, Height:1088, Weight:1178, Origin:10, Destination:4.564}] err[&pgconn.PgError{Severity:"ERROR", Code:"42703", Message:"column \"origin\" of relation \"base_map\" does not exist", Detail:"", Hint:"", Position:153, InternalPosition:0, InternalQuery:"", Where:"", SchemaName:"", TableName:"", ColumnName:"", DataTypeName:"", ConstraintName:"", File:"analyze.c", Line:2527, Routine:"transformUpdateTargetList"}]
2024-06-25 10:45:12 [EROR] [/Users/dg2023/Desktop/demo-gogo/service/map.go:73] 地图数据更新失败. err:[ERROR: column "origin" of relation "base_map" does not exist (SQLSTATE 42703)]
2024-06-25 10:45:12 [EROR] [/Users/dg2023/Desktop/demo-gogo/httpserver/app/response.go:40] Request [POST] [/api/map/base_map] Error.HttpCode[200] BusinessCode[5009] Message[修改/创建数据失败] ErrDetail[ERROR: column "origin" of relation "base_map" does not exist (SQLSTATE 42703)]
2024-06-25 10:48:54 [EROR] [/Users/dg2023/Desktop/demo-gogo/database/common.go:126] [base_map]ListEntityByFilter Error.filter[map[string]interface {}{"name":"map_test"}] params[model.QueryParams{SubQueries:[]*model.SubQuery(nil), Orders:[]model.Order(nil), Limit:(*int)(0x53f3c28), Offset:(*int)(0x54a58b8), InQueries:[]*model.InQuery(nil), RangeQueries:[]*model.RangeQuery(nil), CompareQueries:[]*model.CompareQuery(nil), NotInQueries:[]map[string]interface {}(nil), GroupFields:[]string(nil), DistinctQueries:[]string(nil)}] err[&pgconn.PgError{Severity:"ERROR", Code:"0A000", Message:"cached plan must not change result type", Detail:"", Hint:"", Position:0, InternalPosition:0, InternalQuery:"", Where:"", SchemaName:"", TableName:"", ColumnName:"", DataTypeName:"", ConstraintName:"", File:"plancache.c", Line:722, Routine:"RevalidateCachedQuery"}]
2024-06-25 10:48:54 [EROR] [/Users/dg2023/Desktop/demo-gogo/httpserver/app/response.go:40] Request [POST] [/api/map/base_map] Error.HttpCode[200] BusinessCode[5009] Message[修改/创建数据失败] ErrDetail[ERROR: cached plan must not change result type (SQLSTATE 0A000)]
2024-06-25 18:32:11 [EROR] [/Users/dg2023/Desktop/demo-gogo/httpserver/app/response.go:40] Request [POST] [/api/map/map_routes] Error.HttpCode[200] BusinessCode[6000] Message[该地图路径已经存在] ErrDetail[该地图路径已经存在]
2024-06-25 18:32:33 [EROR] [/Users/dg2023/Desktop/demo-gogo/httpserver/app/response.go:40] Request [POST] [/api/map/map_routes] Error.HttpCode[200] BusinessCode[6000] Message[该地图节点已经存在] ErrDetail[该地图节点已经存在]
2024-06-26 11:32:14 [EROR] [/Users/dg2023/Desktop/demo-gogo/database/common.go:211] [base_map]SaveEntity Error.updater[&model.BaseMap{Model:model.Model{ID:3, CreatedAt:model.LocalTime{wall:0x199eceb0, ext:63854364781, loc:(*time.Location)(0x5470720)}, UpdatedAt:model.LocalTime{wall:0x3a2c558, ext:63854969534, loc:(*time.Location)(0x5470720)}, DeletedAt:gorm.DeletedAt{Time:time.Date(1, time.January, 1, 0, 0, 0, 0, time.UTC), Valid:false}}, Name:"map_test", MapURL:"http://120.46.48.255:9094/files/maps/test_photo.png", MapURLCompress:"http://120.46.48.255:9094/files/maps/testphoto_compress.jpg", PointCloud:"http://120.46.48.255:9094/files/maps/C_XZDT2_2_1_10_A250008_D.ply", PathID:6, Height:1088, Weight:1178, Origin:10, Destination:4.564}] err[&pgconn.PgError{Severity:"ERROR", Code:"42703", Message:"column \"point_cloud\" of relation \"base_map\" does not exist", Detail:"", Hint:"", Position:116, InternalPosition:0, InternalQuery:"", Where:"", SchemaName:"", TableName:"", ColumnName:"", DataTypeName:"", ConstraintName:"", File:"analyze.c", Line:2527, Routine:"transformUpdateTargetList"}]
2024-06-26 11:32:14 [EROR] [/Users/dg2023/Desktop/demo-gogo/service/map.go:73] 地图数据更新失败. err:[ERROR: column "point_cloud" of relation "base_map" does not exist (SQLSTATE 42703)]
2024-06-26 11:32:14 [EROR] [/Users/dg2023/Desktop/demo-gogo/httpserver/app/response.go:40] Request [POST] [/api/map/base_map] Error.HttpCode[200] BusinessCode[5009] Message[修改/创建数据失败] ErrDetail[ERROR: column "point_cloud" of relation "base_map" does not exist (SQLSTATE 42703)]
2024-06-26 11:32:30 [EROR] [/Users/dg2023/Desktop/demo-gogo/database/common.go:211] [base_map]SaveEntity Error.updater[&model.BaseMap{Model:model.Model{ID:3, CreatedAt:model.LocalTime{wall:0x199eceb0, ext:63854364781, loc:(*time.Location)(0x5470720)}, UpdatedAt:model.LocalTime{wall:0x28998a18, ext:63854969550, loc:(*time.Location)(0x5470720)}, DeletedAt:gorm.DeletedAt{Time:time.Date(1, time.January, 1, 0, 0, 0, 0, time.UTC), Valid:false}}, Name:"map_test", MapURL:"http://120.46.48.255:9094/files/maps/test_photo.png", MapURLCompress:"http://120.46.48.255:9094/files/maps/testphoto_compress.jpg", PointCloud:"http://120.46.48.255:9094/files/maps/C_XZDT2_2_1_10_A250008_D.ply", PathID:6, Height:1088, Weight:1178, Origin:10, Destination:4.564}] err[&pgconn.PgError{Severity:"ERROR", Code:"42703", Message:"column \"point_cloud\" of relation \"base_map\" does not exist", Detail:"", Hint:"", Position:116, InternalPosition:0, InternalQuery:"", Where:"", SchemaName:"", TableName:"", ColumnName:"", DataTypeName:"", ConstraintName:"", File:"analyze.c", Line:2527, Routine:"transformUpdateTargetList"}]
2024-06-26 11:32:30 [EROR] [/Users/dg2023/Desktop/demo-gogo/service/map.go:73] 地图数据更新失败. err:[ERROR: column "point_cloud" of relation "base_map" does not exist (SQLSTATE 42703)]
2024-06-26 11:32:30 [EROR] [/Users/dg2023/Desktop/demo-gogo/httpserver/app/response.go:40] Request [POST] [/api/map/base_map] Error.HttpCode[200] BusinessCode[5009] Message[修改/创建数据失败] ErrDetail[ERROR: column "point_cloud" of relation "base_map" does not exist (SQLSTATE 42703)]
2024-06-26 18:27:57 [EROR] [/Users/dg2023/Desktop/demo-gogo/httpserver/app/response.go:40] Request [POST] [/api/map/check_route] Error.HttpCode[200] BusinessCode[5003] Message[参数验证错误[page_no]] ErrDetail[<nil>]
2024-06-26 18:29:47 [EROR] [/Users/dg2023/Desktop/demo-gogo/database/common.go:126] [map_route_nodes]ListEntityByFilter Error.filter[map[string]interface {}{"file_name":"c", "map_id":3, "name":"a"}] params[model.QueryParams{SubQueries:[]*model.SubQuery(nil), Orders:[]model.Order(nil), Limit:(*int)(0x5403c28), Offset:(*int)(0x54b5e38), InQueries:[]*model.InQuery(nil), RangeQueries:[]*model.RangeQuery(nil), CompareQueries:[]*model.CompareQuery(nil), NotInQueries:[]map[string]interface {}(nil), GroupFields:[]string(nil), DistinctQueries:[]string(nil)}] err[&pgconn.PgError{Severity:"ERROR", Code:"42703", Message:"column \"file_name\" does not exist", Detail:"", Hint:"", Position:40, InternalPosition:0, InternalQuery:"", Where:"", SchemaName:"", TableName:"", ColumnName:"", DataTypeName:"", ConstraintName:"", File:"parse_relation.c", Line:3722, Routine:"errorMissingColumn"}]
2024-06-26 18:29:47 [EROR] [/Users/dg2023/Desktop/demo-gogo/service/map.go:675] 节点数据查询失败,err:[ERROR: column "file_name" does not exist (SQLSTATE 42703)]
2024-06-26 18:29:47 [EROR] [/Users/dg2023/Desktop/demo-gogo/httpserver/app/response.go:40] Request [POST] [/api/map/check_route] Error.HttpCode[200] BusinessCode[9999] Message[路径校验失败] ErrDetail[ERROR: column "file_name" does not exist (SQLSTATE 42703)]
2024-06-26 18:31:03 [EROR] [/Users/dg2023/Desktop/demo-gogo/database/common.go:126] [base_map]ListEntityByFilter Error.filter[map[string]interface {}{"map_id":3}] params[model.QueryParams{SubQueries:[]*model.SubQuery(nil), Orders:[]model.Order(nil), Limit:(*int)(0x5403c28), Offset:(*int)(0x54b5e38), InQueries:[]*model.InQuery(nil), RangeQueries:[]*model.RangeQuery(nil), CompareQueries:[]*model.CompareQuery(nil), NotInQueries:[]map[string]interface {}(nil), GroupFields:[]string(nil), DistinctQueries:[]string(nil)}] err[&pgconn.PgError{Severity:"ERROR", Code:"42703", Message:"column \"map_id\" does not exist", Detail:"", Hint:"Perhaps you meant to reference the column \"base_map.map_url\" or the column \"base_map.path_id\".", Position:32, InternalPosition:0, InternalQuery:"", Where:"", SchemaName:"", TableName:"", ColumnName:"", DataTypeName:"", ConstraintName:"", File:"parse_relation.c", Line:3743, Routine:"errorMissingColumn"}]
2024-06-26 18:31:03 [EROR] [/Users/dg2023/Desktop/demo-gogo/service/map.go:681] 查询地图信息失败,err:[ERROR: column "map_id" does not exist (SQLSTATE 42703)]
2024-06-26 18:31:03 [EROR] [/Users/dg2023/Desktop/demo-gogo/httpserver/app/response.go:40] Request [POST] [/api/map/check_route] Error.HttpCode[200] BusinessCode[9999] Message[路径校验失败] ErrDetail[ERROR: column "map_id" does not exist (SQLSTATE 42703)]
2024-06-26 18:32:16 [EROR] [/Users/dg2023/Desktop/demo-gogo/service/map.go:687] 读取文件失败 open http://120.46.48.255:9094/files/maps/test_photo.png: no such file or directory
2024-06-26 18:32:16 [EROR] [/Users/dg2023/Desktop/demo-gogo/httpserver/app/response.go:40] Request [POST] [/api/map/check_route] Error.HttpCode[200] BusinessCode[9999] Message[路径校验失败] ErrDetail[open http://120.46.48.255:9094/files/maps/test_photo.png: no such file or directory]
2024-06-26 18:39:56 [EROR] [/Users/dg2023/Desktop/demo-gogo/httpserver/app/response.go:40] Request [POST] [/api/map/check_route] Error.HttpCode[200] BusinessCode[6001] Message[待修改地图路径节点不存在] ErrDetail[待修改地图路径节点不存在]
2024-06-26 18:40:32 [EROR] [/Users/dg2023/Desktop/demo-gogo/httpserver/app/response.go:40] Request [POST] [/api/map/check_route] Error.HttpCode[200] BusinessCode[6001] Message[待校验路径不存在] ErrDetail[待校验路径不存在]
2024-06-27 10:37:56 [EROR] [/Users/dg2023/Desktop/demo-gogo/service/map.go:673] 读取文件失败 open /User/dg2023/Desktop/test_photo.png: no such file or directory
2024-06-27 10:37:56 [EROR] [/Users/dg2023/Desktop/demo-gogo/httpserver/app/response.go:40] Request [POST] [/api/map/check_route] Error.HttpCode[200] BusinessCode[9999] Message[路径校验失败] ErrDetail[open /User/dg2023/Desktop/test_photo.png: no such file or directory]
2024-06-27 10:38:41 [EROR] [/Users/dg2023/Desktop/demo-gogo/httpserver/app/response.go:40] Request [POST] [/api/map/check_route] Error.HttpCode[200] BusinessCode[6001] Message[待校验路径不存在] ErrDetail[待校验路径不存在]
2024-06-27 10:39:39 [EROR] [/Users/dg2023/Desktop/demo-gogo/httpserver/app/response.go:40] Request [POST] [/api/map/check_route] Error.HttpCode[200] BusinessCode[6001] Message[待校验路径不存在] ErrDetail[待校验路径不存在]
2024-06-27 10:42:24 [EROR] [/Users/dg2023/Desktop/demo-gogo/httpserver/app/response.go:40] Request [POST] [/api/map/check_route] Error.HttpCode[200] BusinessCode[9999] Message[路径校验失败] ErrDetail[{{0 0000-00-00 00:00:00 0000-00-00 00:00:00 {0001-01-01 00:00:00 +0000 UTC false}}  0 }]
2024-06-27 10:43:41 [EROR] [/Users/dg2023/Desktop/demo-gogo/httpserver/app/response.go:40] Request [POST] [/api/map/check_route] Error.HttpCode[200] BusinessCode[9999] Message[路径校验失败] ErrDetail[{{0 0000-00-00 00:00:00 0000-00-00 00:00:00 {0001-01-01 00:00:00 +0000 UTC false}}  0 }]
2024-06-27 10:46:28 [EROR] [/Users/dg2023/Desktop/demo-gogo/httpserver/app/response.go:40] Request [POST] [/api/map/check_route] Error.HttpCode[200] BusinessCode[6001] Message[待校验路径不存在] ErrDetail[待校验路径不存在]
2024-06-27 10:52:38 [EROR] [/Users/dg2023/Desktop/demo-gogo/httpserver/app/response.go:40] Request [POST] [/api/map/check_route] Error.HttpCode[200] BusinessCode[9999] Message[路径校验失败] ErrDetail[{0xc0001914c0 {{0 {0 0 <nil>} {0 0 <nil>} {{0 0 <nil>} false}}  0 }}]
2024-06-27 10:57:29 [EROR] [/Users/dg2023/Desktop/demo-gogo/httpserver/app/response.go:40] Request [POST] [/api/map/check_route] Error.HttpCode[200] BusinessCode[9999] Message[路径校验失败] ErrDetail[{0xc00048d2f0 0xc0002eb400}]
2024-06-27 11:02:56 [EROR] [/Users/dg2023/Desktop/demo-gogo/httpserver/app/response.go:40] Request [POST] [/api/map/check_route] Error.HttpCode[200] BusinessCode[9999] Message[路径校验失败] ErrDetail[{0xc00033a0f0 {{0 {0 0 <nil>} {0 0 <nil>} {{0 0 <nil>} false}}  0 }}]
2024-06-27 11:05:13 [EROR] [/Users/dg2023/Desktop/demo-gogo/httpserver/app/response.go:40] Request [POST] [/api/map/check_route] Error.HttpCode[200] BusinessCode[9999] Message[路径校验失败] ErrDetail[map[err_info:待校验路径不存在 err_route:{{0 0000-00-00 00:00:00 0000-00-00 00:00:00 {0001-01-01 00:00:00 +0000 UTC false}}  0 }]]
2024-06-27 11:14:52 [EROR] [/Users/dg2023/Desktop/demo-gogo/httpserver/app/response.go:40] Request [POST] [/api/map/check_route] Error.HttpCode[200] BusinessCode[6007] Message[路径校验失败] ErrDetail[map[err_info:待校验路径不存在 err_route:{{0 0000-00-00 00:00:00 0000-00-00 00:00:00 {0001-01-01 00:00:00 +0000 UTC false}}  0 }]]
2024-06-27 11:22:04 [EROR] [/Users/dg2023/Desktop/demo-gogo/httpserver/app/response.go:40] Request [POST] [/api/map/check_route] Error.HttpCode[200] BusinessCode[6007] Message[路径校验失败] ErrDetail[map[err_info:待校验路径不存在 err_route:{{0 0000-00-00 00:00:00 0000-00-00 00:00:00 {0001-01-01 00:00:00 +0000 UTC false}}  0 }]]
2024-06-27 11:24:40 [EROR] [/Users/dg2023/Desktop/demo-gogo/httpserver/app/response.go:40] Request [POST] [/api/map/check_route] Error.HttpCode[200] BusinessCode[6007] Message[路径校验失败] ErrDetail[map[err_info:待校验路径不存在 err_route:{{0 0000-00-00 00:00:00 0000-00-00 00:00:00 {0001-01-01 00:00:00 +0000 UTC false}}  0 }]]
2024-06-27 11:26:18 [EROR] [/Users/dg2023/Desktop/demo-gogo/httpserver/app/response.go:40] Request [POST] [/api/map/check_route] Error.HttpCode[200] BusinessCode[6007] Message[路径校验失败] ErrDetail[map[err_info:待校验路径不存在 err_route:{{0 0000-00-00 00:00:00 0000-00-00 00:00:00 {0001-01-01 00:00:00 +0000 UTC false}}  0 }]]
2024-06-27 11:26:49 [EROR] [/Users/dg2023/Desktop/demo-gogo/httpserver/app/response.go:40] Request [POST] [/api/map/check_route] Error.HttpCode[200] BusinessCode[6007] Message[路径校验失败] ErrDetail[map[err_info:待校验路径不存在 err_route:{{0 0000-00-00 00:00:00 0000-00-00 00:00:00 {0001-01-01 00:00:00 +0000 UTC false}}  0 }]]
2024-06-27 11:29:06 [EROR] [/Users/dg2023/Desktop/demo-gogo/service/map.go:737] 路径校验未通过
2024-06-27 11:32:14 [EROR] [/Users/dg2023/Desktop/demo-gogo/service/map.go:737] 路径校验未通过
2024-06-27 11:32:14 [EROR] [/Users/dg2023/Desktop/demo-gogo/httpserver/app/response.go:40] Request [POST] [/api/map/check_route] Error.HttpCode[200] BusinessCode[6007] Message[路径校验失败] ErrDetail[map[err_info:路径校验未通过,route_id:[1] err_route:{{1 0000-00-00 00:00:00 0000-00-00 00:00:00 {0001-01-01 00:00:00 +0000 UTC false}} Site0001-Site0002 3 单向}]]
2024-06-27 11:35:06 [EROR] [/Users/dg2023/Desktop/demo-gogo/service/map.go:737] 路径校验未通过
2024-06-27 11:35:06 [EROR] [/Users/dg2023/Desktop/demo-gogo/httpserver/app/response.go:40] Request [POST] [/api/map/check_route] Error.HttpCode[200] BusinessCode[6007] Message[路径校验失败] ErrDetail[map[err_info:路径校验未通过 err_route:{{1 0000-00-00 00:00:00 0000-00-00 00:00:00 {0001-01-01 00:00:00 +0000 UTC false}} Site0001-Site0002 3 单向}]]
2024-06-27 11:46:40 [EROR] [/Users/dg2023/Desktop/demo-gogo/service/map.go:737] 路径校验未通过
2024-06-27 11:48:28 [EROR] [/Users/dg2023/Desktop/demo-gogo/service/map.go:737] 路径校验未通过
2024-06-27 11:49:04 [EROR] [/Users/dg2023/Desktop/demo-gogo/service/map.go:737] 路径校验未通过
2024-06-27 11:49:04 [EROR] [/Users/dg2023/Desktop/demo-gogo/httpserver/app/response.go:40] Request [POST] [/api/map/check_route] Error.HttpCode[200] BusinessCode[6007] Message[路径校验失败] ErrDetail[map[err_info:路径校验未通过 err_route:{{1 0000-00-00 00:00:00 0000-00-00 00:00:00 {0001-01-01 00:00:00 +0000 UTC false}} Site0001-Site0002 3 单向}]]
2024-06-27 11:49:39 [EROR] [/Users/dg2023/Desktop/demo-gogo/service/map.go:737] 路径校验未通过
2024-06-27 11:56:10 [EROR] [/Users/dg2023/Desktop/demo-gogo/service/map.go:741] 路径：[Site0001-Site0002] 校验未通过
2024-06-27 11:56:10 [EROR] [/Users/dg2023/Desktop/demo-gogo/httpserver/app/response.go:40] Request [POST] [/api/map/check_route] Error.HttpCode[200] BusinessCode[6007] Message[路径校验失败] ErrDetail[路径：[Site0001-Site0002] 校验未通过]
2024-06-27 11:56:41 [EROR] [/Users/dg2023/Desktop/demo-gogo/service/map.go:741] 路径：[Site0001-Site0002] 校验未通过
2024-06-27 11:56:41 [EROR] [/Users/dg2023/Desktop/demo-gogo/httpserver/app/response.go:40] Request [POST] [/api/map/check_route] Error.HttpCode[200] BusinessCode[6007] Message[路径校验失败] ErrDetail[路径：[Site0001-Site0002] 校验未通过]
2024-06-27 11:57:32 [EROR] [/Users/dg2023/Desktop/demo-gogo/service/map.go:741] 路径：[Site0001-Site0002] 校验未通过
2024-06-27 11:57:32 [EROR] [/Users/dg2023/Desktop/demo-gogo/httpserver/app/response.go:40] Request [POST] [/api/map/check_route] Error.HttpCode[200] BusinessCode[6007] Message[路径校验失败] ErrDetail[路径：[Site0001-Site0002] 校验未通过]
2024-06-27 12:06:30 [EROR] [/Users/dg2023/Desktop/demo-gogo/service/map.go:741] 路径：[Site0001-Site0002] 校验未通过
2024-06-27 12:06:30 [EROR] [/Users/dg2023/Desktop/demo-gogo/httpserver/app/response.go:40] Request [POST] [/api/map/check_route] Error.HttpCode[200] BusinessCode[6007] Message[路径校验失败] ErrDetail[路径：[Site0001-Site0002] 校验未通过]
2024-06-27 12:06:54 [EROR] [/Users/dg2023/Desktop/demo-gogo/service/map.go:741] 路径：[Site0001-Site0002] 校验未通过
2024-06-27 12:06:54 [EROR] [/Users/dg2023/Desktop/demo-gogo/httpserver/app/response.go:40] Request [POST] [/api/map/check_route] Error.HttpCode[200] BusinessCode[6007] Message[路径校验失败] ErrDetail[路径：[Site0001-Site0002] 校验未通过]
2024-06-27 12:07:53 [EROR] [/Users/dg2023/Desktop/demo-gogo/service/map.go:741] 路径：[Site0001-Site0002] 校验未通过
2024-06-27 12:10:58 [EROR] [/Users/dg2023/Desktop/demo-gogo/service/map.go:741] 路径：[Site0001-Site0002] 校验未通过
2024-06-27 12:10:58 [EROR] [/Users/dg2023/Desktop/demo-gogo/httpserver/app/response.go:40] Request [POST] [/api/map/check_route] Error.HttpCode[200] BusinessCode[9999] Message[路径：[Site0001-Site0002] 校验未通过] ErrDetail[<nil>]
2024-06-27 12:12:27 [EROR] [/Users/dg2023/Desktop/demo-gogo/service/map.go:741] 路径：[Site0001-Site0002] 校验未通过
2024-06-27 12:12:27 [EROR] [/Users/dg2023/Desktop/demo-gogo/httpserver/app/response.go:40] Request [POST] [/api/map/check_route] Error.HttpCode[200] BusinessCode[9999] Message[路径：[Site0001-Site0002] 校验未通过] ErrDetail[路径：[Site0001-Site0002] 校验未通过]
2024-06-27 15:15:27 [EROR] [/Users/dg2023/Desktop/demo-gogo/service/map.go:735] 路径：[Site0001-Site0002] 校验未通过
2024-06-27 15:15:27 [EROR] [/Users/dg2023/Desktop/demo-gogo/httpserver/app/response.go:40] Request [POST] [/api/map/check_route] Error.HttpCode[200] BusinessCode[9999] Message[路径：[Site0001-Site0002] 校验未通过] ErrDetail[路径：[Site0001-Site0002] 校验未通过]
2024-06-27 15:17:13 [EROR] [/Users/dg2023/Desktop/demo-gogo/service/map.go:735] 路径：[Site0003-Site0004] 校验未通过
2024-06-27 15:17:13 [EROR] [/Users/dg2023/Desktop/demo-gogo/httpserver/app/response.go:40] Request [POST] [/api/map/check_route] Error.HttpCode[200] BusinessCode[9999] Message[路径：[Site0003-Site0004] 校验未通过] ErrDetail[路径：[Site0003-Site0004] 校验未通过]
2024-06-27 15:17:24 [EROR] [/Users/dg2023/Desktop/demo-gogo/service/map.go:735] 路径：[SiteA-SiteB] 校验未通过
2024-06-27 15:17:24 [EROR] [/Users/dg2023/Desktop/demo-gogo/httpserver/app/response.go:40] Request [POST] [/api/map/check_route] Error.HttpCode[200] BusinessCode[9999] Message[路径：[SiteA-SiteB] 校验未通过] ErrDetail[路径：[SiteA-SiteB] 校验未通过]
2024-06-27 15:17:42 [EROR] [/Users/dg2023/Desktop/demo-gogo/service/map.go:735] 路径：[SiteA-SiteB] 校验未通过
2024-06-27 15:17:42 [EROR] [/Users/dg2023/Desktop/demo-gogo/httpserver/app/response.go:40] Request [POST] [/api/map/check_route] Error.HttpCode[200] BusinessCode[9999] Message[路径：[SiteA-SiteB] 校验未通过] ErrDetail[路径：[SiteA-SiteB] 校验未通过]
2024-06-27 15:18:21 [EROR] [/Users/dg2023/Desktop/demo-gogo/service/map.go:735] 路径：[Site0007-Site0008] 校验未通过
2024-06-27 15:18:21 [EROR] [/Users/dg2023/Desktop/demo-gogo/httpserver/app/response.go:40] Request [POST] [/api/map/check_route] Error.HttpCode[200] BusinessCode[9999] Message[路径：[Site0007-Site0008] 校验未通过] ErrDetail[路径：[Site0007-Site0008] 校验未通过]
2024-06-28 10:16:26 [EROR] [/Users/dg2023/Desktop/demo-gogo/httpserver/app/response.go:40] Request [POST] [/api/map/check_route] Error.HttpCode[200] BusinessCode[6001] Message[待校验路径不存在] ErrDetail[待校验路径不存在]
2024-06-28 16:20:32 [EROR] [/Users/dg2023/Desktop/demo-gogo/database/common.go:85] [map]GetEntityByID Error.id[5] err[&errors.errorString{s:"record not found"}]
2024-06-28 16:20:32 [EROR] [/Users/dg2023/Desktop/demo-gogo/httpserver/app/response.go:40] Request [POST] [/api/map/map_nodes] Error.HttpCode[200] BusinessCode[6001] Message[地图关联路径节点不存在] ErrDetail[地图关联路径节点不存在]
2024-07-04 11:47:37 [EROR] [/Users/dg2023/Desktop/demo-gogo/httpserver/app/response.go:40] Request [POST] [/api/map/map_routes/5] Error.HttpCode[200] BusinessCode[5001] Message[请求URL不存在] ErrDetail[<nil>]
2024-07-04 11:47:55 [EROR] [/Users/dg2023/Desktop/demo-gogo/httpserver/app/response.go:40] Request [POST] [/api/map/map_routes/5] Error.HttpCode[200] BusinessCode[5001] Message[请求URL不存在] ErrDetail[<nil>]
2024-07-04 11:48:25 [EROR] [/Users/dg2023/Desktop/demo-gogo/httpserver/app/response.go:40] Request [GET] [/api/map/map_info/] Error.HttpCode[200] BusinessCode[5001] Message[请求URL不存在] ErrDetail[<nil>]
2024-07-04 11:48:30 [EROR] [/Users/dg2023/Desktop/demo-gogo/httpserver/app/response.go:40] Request [GET] [/api/map/map_info/] Error.HttpCode[200] BusinessCode[5001] Message[请求URL不存在] ErrDetail[<nil>]
2024-07-04 11:48:49 [EROR] [/Users/dg2023/Desktop/demo-gogo/httpserver/app/response.go:40] Request [GET] [/api/map/map_info/] Error.HttpCode[200] BusinessCode[5001] Message[请求URL不存在] ErrDetail[<nil>]
2024-07-04 11:50:06 [EROR] [/Users/dg2023/Desktop/demo-gogo/httpserver/app/response.go:40] Request [GET] [/api/map/map_info/] Error.HttpCode[200] BusinessCode[5001] Message[请求URL不存在] ErrDetail[<nil>]
2024-07-04 11:51:38 [EROR] [/Users/dg2023/Desktop/demo-gogo/httpserver/app/response.go:40] Request [POST] [/api/map/map_routes/5] Error.HttpCode[200] BusinessCode[5001] Message[请求URL不存在] ErrDetail[<nil>]
2024-07-04 14:36:46 [WARN] [/Users/dg2023/Desktop/demo-gogo/database/common.go:249] [map_route_nodes]DeleteEntityByFilter Warn.filter[map[string]interface {}{"id":105, "path_id":5}] params[model.QueryParams{SubQueries:[]*model.SubQuery(nil), Orders:[]model.Order(nil), Limit:(*int)(nil), Offset:(*int)(nil), InQueries:[]*model.InQuery(nil), RangeQueries:[]*model.RangeQuery(nil), CompareQueries:[]*model.CompareQuery(nil), NotInQueries:[]map[string]interface {}(nil), GroupFields:[]string(nil), DistinctQueries:[]string(nil)}]
2024-07-04 14:36:46 [WARN] [/Users/dg2023/Desktop/demo-gogo/database/common.go:249] [map_route_nodes]DeleteEntityByFilter Warn.filter[map[string]interface {}{"id":4, "path_id":5}] params[model.QueryParams{SubQueries:[]*model.SubQuery(nil), Orders:[]model.Order(nil), Limit:(*int)(nil), Offset:(*int)(nil), InQueries:[]*model.InQuery(nil), RangeQueries:[]*model.RangeQuery(nil), CompareQueries:[]*model.CompareQuery(nil), NotInQueries:[]map[string]interface {}(nil), GroupFields:[]string(nil), DistinctQueries:[]string(nil)}]
2024-07-04 14:36:46 [WARN] [/Users/dg2023/Desktop/demo-gogo/database/common.go:249] [map_route_nodes]DeleteEntityByFilter Warn.filter[map[string]interface {}{"id":4, "path_id":5}] params[model.QueryParams{SubQueries:[]*model.SubQuery(nil), Orders:[]model.Order(nil), Limit:(*int)(nil), Offset:(*int)(nil), InQueries:[]*model.InQuery(nil), RangeQueries:[]*model.RangeQuery(nil), CompareQueries:[]*model.CompareQuery(nil), NotInQueries:[]map[string]interface {}(nil), GroupFields:[]string(nil), DistinctQueries:[]string(nil)}]
2024-07-04 14:37:11 [WARN] [/Users/dg2023/Desktop/demo-gogo/database/common.go:249] [map_route_nodes]DeleteEntityByFilter Warn.filter[map[string]interface {}{"id":105, "path_id":5}] params[model.QueryParams{SubQueries:[]*model.SubQuery(nil), Orders:[]model.Order(nil), Limit:(*int)(nil), Offset:(*int)(nil), InQueries:[]*model.InQuery(nil), RangeQueries:[]*model.RangeQuery(nil), CompareQueries:[]*model.CompareQuery(nil), NotInQueries:[]map[string]interface {}(nil), GroupFields:[]string(nil), DistinctQueries:[]string(nil)}]
2024-07-04 14:37:12 [WARN] [/Users/dg2023/Desktop/demo-gogo/database/common.go:249] [map_route_nodes]DeleteEntityByFilter Warn.filter[map[string]interface {}{"id":4, "path_id":5}] params[model.QueryParams{SubQueries:[]*model.SubQuery(nil), Orders:[]model.Order(nil), Limit:(*int)(nil), Offset:(*int)(nil), InQueries:[]*model.InQuery(nil), RangeQueries:[]*model.RangeQuery(nil), CompareQueries:[]*model.CompareQuery(nil), NotInQueries:[]map[string]interface {}(nil), GroupFields:[]string(nil), DistinctQueries:[]string(nil)}]
2024-07-04 14:37:12 [WARN] [/Users/dg2023/Desktop/demo-gogo/database/common.go:249] [map_route_nodes]DeleteEntityByFilter Warn.filter[map[string]interface {}{"id":4, "path_id":5}] params[model.QueryParams{SubQueries:[]*model.SubQuery(nil), Orders:[]model.Order(nil), Limit:(*int)(nil), Offset:(*int)(nil), InQueries:[]*model.InQuery(nil), RangeQueries:[]*model.RangeQuery(nil), CompareQueries:[]*model.CompareQuery(nil), NotInQueries:[]map[string]interface {}(nil), GroupFields:[]string(nil), DistinctQueries:[]string(nil)}]
2024-07-04 14:39:28 [WARN] [/Users/dg2023/Desktop/demo-gogo/database/common.go:249] [map_route_nodes]DeleteEntityByFilter Warn.filter[map[string]interface {}{"id":105, "path_id":5}] params[model.QueryParams{SubQueries:[]*model.SubQuery(nil), Orders:[]model.Order(nil), Limit:(*int)(nil), Offset:(*int)(nil), InQueries:[]*model.InQuery(nil), RangeQueries:[]*model.RangeQuery(nil), CompareQueries:[]*model.CompareQuery(nil), NotInQueries:[]map[string]interface {}(nil), GroupFields:[]string(nil), DistinctQueries:[]string(nil)}]
2024-07-04 14:39:28 [WARN] [/Users/dg2023/Desktop/demo-gogo/database/common.go:249] [map_route_nodes]DeleteEntityByFilter Warn.filter[map[string]interface {}{"id":4, "path_id":5}] params[model.QueryParams{SubQueries:[]*model.SubQuery(nil), Orders:[]model.Order(nil), Limit:(*int)(nil), Offset:(*int)(nil), InQueries:[]*model.InQuery(nil), RangeQueries:[]*model.RangeQuery(nil), CompareQueries:[]*model.CompareQuery(nil), NotInQueries:[]map[string]interface {}(nil), GroupFields:[]string(nil), DistinctQueries:[]string(nil)}]
2024-07-04 14:39:28 [WARN] [/Users/dg2023/Desktop/demo-gogo/database/common.go:249] [map_route_nodes]DeleteEntityByFilter Warn.filter[map[string]interface {}{"id":4, "path_id":5}] params[model.QueryParams{SubQueries:[]*model.SubQuery(nil), Orders:[]model.Order(nil), Limit:(*int)(nil), Offset:(*int)(nil), InQueries:[]*model.InQuery(nil), RangeQueries:[]*model.RangeQuery(nil), CompareQueries:[]*model.CompareQuery(nil), NotInQueries:[]map[string]interface {}(nil), GroupFields:[]string(nil), DistinctQueries:[]string(nil)}]
2024-07-04 14:41:18 [WARN] [/Users/dg2023/Desktop/demo-gogo/database/common.go:249] [map_route_nodes]DeleteEntityByFilter Warn.filter[map[string]interface {}{"id":105, "path_id":5}] params[model.QueryParams{SubQueries:[]*model.SubQuery(nil), Orders:[]model.Order(nil), Limit:(*int)(nil), Offset:(*int)(nil), InQueries:[]*model.InQuery(nil), RangeQueries:[]*model.RangeQuery(nil), CompareQueries:[]*model.CompareQuery(nil), NotInQueries:[]map[string]interface {}(nil), GroupFields:[]string(nil), DistinctQueries:[]string(nil)}]
2024-07-04 14:41:18 [WARN] [/Users/dg2023/Desktop/demo-gogo/database/common.go:249] [map_route_nodes]DeleteEntityByFilter Warn.filter[map[string]interface {}{"id":4, "path_id":5}] params[model.QueryParams{SubQueries:[]*model.SubQuery(nil), Orders:[]model.Order(nil), Limit:(*int)(nil), Offset:(*int)(nil), InQueries:[]*model.InQuery(nil), RangeQueries:[]*model.RangeQuery(nil), CompareQueries:[]*model.CompareQuery(nil), NotInQueries:[]map[string]interface {}(nil), GroupFields:[]string(nil), DistinctQueries:[]string(nil)}]
2024-07-04 14:41:18 [WARN] [/Users/dg2023/Desktop/demo-gogo/database/common.go:249] [map_route_nodes]DeleteEntityByFilter Warn.filter[map[string]interface {}{"id":4, "path_id":5}] params[model.QueryParams{SubQueries:[]*model.SubQuery(nil), Orders:[]model.Order(nil), Limit:(*int)(nil), Offset:(*int)(nil), InQueries:[]*model.InQuery(nil), RangeQueries:[]*model.RangeQuery(nil), CompareQueries:[]*model.CompareQuery(nil), NotInQueries:[]map[string]interface {}(nil), GroupFields:[]string(nil), DistinctQueries:[]string(nil)}]
2024-07-04 14:42:56 [WARN] [/Users/dg2023/Desktop/demo-gogo/database/common.go:249] [map_route_nodes]DeleteEntityByFilter Warn.filter[map[string]interface {}{"id":105, "path_id":5}] params[model.QueryParams{SubQueries:[]*model.SubQuery(nil), Orders:[]model.Order(nil), Limit:(*int)(nil), Offset:(*int)(nil), InQueries:[]*model.InQuery(nil), RangeQueries:[]*model.RangeQuery(nil), CompareQueries:[]*model.CompareQuery(nil), NotInQueries:[]map[string]interface {}(nil), GroupFields:[]string(nil), DistinctQueries:[]string(nil)}]
2024-07-04 14:42:56 [WARN] [/Users/dg2023/Desktop/demo-gogo/database/common.go:249] [map_route_nodes]DeleteEntityByFilter Warn.filter[map[string]interface {}{"id":4, "path_id":5}] params[model.QueryParams{SubQueries:[]*model.SubQuery(nil), Orders:[]model.Order(nil), Limit:(*int)(nil), Offset:(*int)(nil), InQueries:[]*model.InQuery(nil), RangeQueries:[]*model.RangeQuery(nil), CompareQueries:[]*model.CompareQuery(nil), NotInQueries:[]map[string]interface {}(nil), GroupFields:[]string(nil), DistinctQueries:[]string(nil)}]
2024-07-04 14:42:56 [WARN] [/Users/dg2023/Desktop/demo-gogo/database/common.go:249] [map_route_nodes]DeleteEntityByFilter Warn.filter[map[string]interface {}{"id":4, "path_id":5}] params[model.QueryParams{SubQueries:[]*model.SubQuery(nil), Orders:[]model.Order(nil), Limit:(*int)(nil), Offset:(*int)(nil), InQueries:[]*model.InQuery(nil), RangeQueries:[]*model.RangeQuery(nil), CompareQueries:[]*model.CompareQuery(nil), NotInQueries:[]map[string]interface {}(nil), GroupFields:[]string(nil), DistinctQueries:[]string(nil)}]
2024-07-04 14:44:19 [WARN] [/Users/dg2023/Desktop/demo-gogo/database/common.go:249] [map_route_nodes]DeleteEntityByFilter Warn.filter[map[string]interface {}{"id":105, "path_id":5}] params[model.QueryParams{SubQueries:[]*model.SubQuery(nil), Orders:[]model.Order(nil), Limit:(*int)(nil), Offset:(*int)(nil), InQueries:[]*model.InQuery(nil), RangeQueries:[]*model.RangeQuery(nil), CompareQueries:[]*model.CompareQuery(nil), NotInQueries:[]map[string]interface {}(nil), GroupFields:[]string(nil), DistinctQueries:[]string(nil)}]
2024-07-04 14:44:19 [WARN] [/Users/dg2023/Desktop/demo-gogo/database/common.go:249] [map_route_nodes]DeleteEntityByFilter Warn.filter[map[string]interface {}{"id":4, "path_id":5}] params[model.QueryParams{SubQueries:[]*model.SubQuery(nil), Orders:[]model.Order(nil), Limit:(*int)(nil), Offset:(*int)(nil), InQueries:[]*model.InQuery(nil), RangeQueries:[]*model.RangeQuery(nil), CompareQueries:[]*model.CompareQuery(nil), NotInQueries:[]map[string]interface {}(nil), GroupFields:[]string(nil), DistinctQueries:[]string(nil)}]
2024-07-04 14:44:19 [WARN] [/Users/dg2023/Desktop/demo-gogo/database/common.go:249] [map_route_nodes]DeleteEntityByFilter Warn.filter[map[string]interface {}{"id":4, "path_id":5}] params[model.QueryParams{SubQueries:[]*model.SubQuery(nil), Orders:[]model.Order(nil), Limit:(*int)(nil), Offset:(*int)(nil), InQueries:[]*model.InQuery(nil), RangeQueries:[]*model.RangeQuery(nil), CompareQueries:[]*model.CompareQuery(nil), NotInQueries:[]map[string]interface {}(nil), GroupFields:[]string(nil), DistinctQueries:[]string(nil)}]
2024-07-04 14:46:49 [WARN] [/Users/dg2023/Desktop/demo-gogo/database/common.go:249] [map_route_nodes]DeleteEntityByFilter Warn.filter[map[string]interface {}{"id":105, "path_id":5}] params[model.QueryParams{SubQueries:[]*model.SubQuery(nil), Orders:[]model.Order(nil), Limit:(*int)(nil), Offset:(*int)(nil), InQueries:[]*model.InQuery(nil), RangeQueries:[]*model.RangeQuery(nil), CompareQueries:[]*model.CompareQuery(nil), NotInQueries:[]map[string]interface {}(nil), GroupFields:[]string(nil), DistinctQueries:[]string(nil)}]
2024-07-04 14:46:49 [WARN] [/Users/dg2023/Desktop/demo-gogo/database/common.go:249] [map_route_nodes]DeleteEntityByFilter Warn.filter[map[string]interface {}{"id":4, "path_id":5}] params[model.QueryParams{SubQueries:[]*model.SubQuery(nil), Orders:[]model.Order(nil), Limit:(*int)(nil), Offset:(*int)(nil), InQueries:[]*model.InQuery(nil), RangeQueries:[]*model.RangeQuery(nil), CompareQueries:[]*model.CompareQuery(nil), NotInQueries:[]map[string]interface {}(nil), GroupFields:[]string(nil), DistinctQueries:[]string(nil)}]
2024-07-04 14:46:49 [WARN] [/Users/dg2023/Desktop/demo-gogo/database/common.go:249] [map_route_nodes]DeleteEntityByFilter Warn.filter[map[string]interface {}{"id":4, "path_id":5}] params[model.QueryParams{SubQueries:[]*model.SubQuery(nil), Orders:[]model.Order(nil), Limit:(*int)(nil), Offset:(*int)(nil), InQueries:[]*model.InQuery(nil), RangeQueries:[]*model.RangeQuery(nil), CompareQueries:[]*model.CompareQuery(nil), NotInQueries:[]map[string]interface {}(nil), GroupFields:[]string(nil), DistinctQueries:[]string(nil)}]
2024-07-04 14:49:32 [WARN] [/Users/dg2023/Desktop/demo-gogo/database/common.go:249] [map_route_nodes]DeleteEntityByFilter Warn.filter[map[string]interface {}{"id":4, "path_id":5}] params[model.QueryParams{SubQueries:[]*model.SubQuery(nil), Orders:[]model.Order(nil), Limit:(*int)(nil), Offset:(*int)(nil), InQueries:[]*model.InQuery(nil), RangeQueries:[]*model.RangeQuery(nil), CompareQueries:[]*model.CompareQuery(nil), NotInQueries:[]map[string]interface {}(nil), GroupFields:[]string(nil), DistinctQueries:[]string(nil)}]
